<!DOCTYPE HTML PUBLIC "-//W3C//DTD HTML 4.01 Transitional//EN" "http://www.w3.org/TR/html4/loose.dtd">
<!-- NewPage -->
<html lang="ja">
<head>
<!-- Generated by javadoc (1.8.0_265) on Thu Sep 24 15:03:43 JST 2020 -->
<meta http-equiv="Content-Type" content="text/html; charset=UTF-8">
<title>hiMongo.Client</title>
<meta name="date" content="2020-09-24">
<link rel="stylesheet" type="text/css" href="../stylesheet.css" title="Style">
<script type="text/javascript" src="../script.js"></script>
</head>
<body>
<script type="text/javascript"><!--
    try {
        if (location.href.indexOf('is-external=true') == -1) {
            parent.document.title="hiMongo.Client";
        }
    }
    catch(err) {
    }
//-->
var methods = {"i0":10,"i1":10,"i2":10};
var tabs = {65535:["t0","すべてのメソッド"],2:["t2","インスタンス・メソッド"],8:["t4","concreteメソッド"]};
var altColor = "altColor";
var rowColor = "rowColor";
var tableTab = "tableTab";
var activeTableTab = "activeTableTab";
</script>
<noscript>
<div>ブラウザのJavaScriptが無効になっています。</div>
</noscript>
<!-- ========= START OF TOP NAVBAR ======= -->
<div class="topNav"><a name="navbar.top">
<!--   -->
</a>
<div class="skipNav"><a href="#skip.navbar.top" title="ナビゲーション・リンクをスキップ">ナビゲーション・リンクをスキップ</a></div>
<a name="navbar.top.firstrow">
<!--   -->
</a>
<ul class="navList" title="ナビゲーション">
<li><a href="../hi/package-summary.html">パッケージ</a></li>
<li class="navBarCell1Rev">クラス</li>
<li><a href="package-tree.html">階層ツリー</a></li>
<li><a href="../deprecated-list.html">非推奨</a></li>
<li><a href="../index-all.html">索引</a></li>
<li><a href="../help-doc.html">ヘルプ</a></li>
</ul>
</div>
<div class="subNav">
<ul class="navList">
<li><a href="../hi/hiMongo.Aggregrator.html" title="hi内のクラス"><span class="typeNameLink">前のクラス</span></a></li>
<li><a href="../hi/hiMongo.Collection.html" title="hi内のクラス"><span class="typeNameLink">次のクラス</span></a></li>
</ul>
<ul class="navList">
<li><a href="../index.html?hi/hiMongo.Client.html" target="_top">フレーム</a></li>
<li><a href="hiMongo.Client.html" target="_top">フレームなし</a></li>
</ul>
<ul class="navList" id="allclasses_navbar_top">
<li><a href="../allclasses-noframe.html">すべてのクラス</a></li>
</ul>
<div>
<script type="text/javascript"><!--
  allClassesLink = document.getElementById("allclasses_navbar_top");
  if(window==top) {
    allClassesLink.style.display = "block";
  }
  else {
    allClassesLink.style.display = "none";
  }
  //-->
</script>
</div>
<div>
<ul class="subNavList">
<li>サマリー:&nbsp;</li>
<li>ネスト&nbsp;|&nbsp;</li>
<li><a href="#field.summary">フィールド</a>&nbsp;|&nbsp;</li>
<li>コンストラクタ&nbsp;|&nbsp;</li>
<li><a href="#method.summary">メソッド</a></li>
</ul>
<ul class="subNavList">
<li>詳細:&nbsp;</li>
<li><a href="#field.detail">フィールド</a>&nbsp;|&nbsp;</li>
<li>コンストラクタ&nbsp;|&nbsp;</li>
<li><a href="#method.detail">メソッド</a></li>
</ul>
</div>
<a name="skip.navbar.top">
<!--   -->
</a></div>
<!-- ========= END OF TOP NAVBAR ========= -->
<!-- ======== START OF CLASS DATA ======== -->
<div class="header">
<div class="subTitle">hi</div>
<h2 title="クラス hiMongo.Client" class="title">クラス hiMongo.Client</h2>
</div>
<div class="contentContainer">
<ul class="inheritance">
<li><a target="_blank" rel="noopener noreferrer" href="https://docs.oracle.com/javase/jp/8/docs/api/java/lang/Object.html?is-external=true" title="java.lang内のクラスまたはインタフェース">java.lang.Object</a></li>
<li>
<ul class="inheritance">
<li>hi.hiMongo.Client</li>
</ul>
</li>
</ul>
<div class="description">
<ul class="blockList">
<li class="blockList">
<dl>
<dt>すべての実装されたインタフェース:</dt>
<dd><a target="_blank" rel="noopener noreferrer" href="https://docs.oracle.com/javase/jp/8/docs/api/java/io/Closeable.html?is-external=true" title="java.io内のクラスまたはインタフェース">Closeable</a>, <a target="_blank" rel="noopener noreferrer" href="https://docs.oracle.com/javase/jp/8/docs/api/java/lang/AutoCloseable.html?is-external=true" title="java.lang内のクラスまたはインタフェース">AutoCloseable</a></dd>
</dl>
<dl>
<dt>含まれているクラス:</dt>
<dd><a href="../hi/hiMongo.html" title="hi内のクラス">hiMongo</a></dd>
</dl>
<hr>
<br>
<pre>public static class <span class="typeNameLabel">hiMongo.Client</span>
extends <a target="_blank" rel="noopener noreferrer" href="https://docs.oracle.com/javase/jp/8/docs/api/java/lang/Object.html?is-external=true" title="java.lang内のクラスまたはインタフェース">Object</a>
implements <a target="_blank" rel="noopener noreferrer" href="https://docs.oracle.com/javase/jp/8/docs/api/java/io/Closeable.html?is-external=true" title="java.io内のクラスまたはインタフェース">Closeable</a></pre>
<div class="block">mongoDBサーバとの接続を表す.
<p>
<a href="../hi/hiMongo.html#connect-java.lang.Object-"><code>hiMongo.connect(Object)</code></a>により生成されます。
</p>
<p>
close()は用意されていますが通常は呼ぶ必要はありません。。
</p></div>
</li>
</ul>
</div>
<div class="summary">
<ul class="blockList">
<li class="blockList">
<!-- =========== FIELD SUMMARY =========== -->
<ul class="blockList">
<li class="blockList"><a name="field.summary">
<!--   -->
</a>
<h3>フィールドのサマリー</h3>
<table class="memberSummary" border="0" cellpadding="3" cellspacing="0" summary="フィールドのサマリー表、フィールドのリストおよび説明">
<caption><span>フィールド</span><span class="tabEnd">&nbsp;</span></caption>
<tr>
<th class="colFirst" scope="col">修飾子とタイプ</th>
<th class="colLast" scope="col">フィールドと説明</th>
</tr>
<tr class="altColor">
<td class="colFirst"><code><a target="_blank" rel="noopener noreferrer" href="http://mongodb.github.io/mongo-java-driver/3.7/javadoc/com/mongodb/MongoClient.html?is-external=true" title="com.mongodb内のクラスまたはインタフェース">MongoClient</a></code></td>
<td class="colLast"><code><span class="memberNameLink"><a href="../hi/hiMongo.Client.html#mongoClient">mongoClient</a></span></code>&nbsp;</td>
</tr>
</table>
</li>
</ul>
<!-- ========== METHOD SUMMARY =========== -->
<ul class="blockList">
<li class="blockList"><a name="method.summary">
<!--   -->
</a>
<h3>メソッドのサマリー</h3>
<table class="memberSummary" border="0" cellpadding="3" cellspacing="0" summary="メソッドのサマリー表、メソッドのリストおよび説明">
<caption><span id="t0" class="activeTableTab"><span>すべてのメソッド</span><span class="tabEnd">&nbsp;</span></span><span id="t2" class="tableTab"><span><a href="javascript:show(2);">インスタンス・メソッド</a></span><span class="tabEnd">&nbsp;</span></span><span id="t4" class="tableTab"><span><a href="javascript:show(8);">concreteメソッド</a></span><span class="tabEnd">&nbsp;</span></span></caption>
<tr>
<th class="colFirst" scope="col">修飾子とタイプ</th>
<th class="colLast" scope="col">メソッドと説明</th>
</tr>
<tr id="i0" class="altColor">
<td class="colFirst"><code>void</code></td>
<td class="colLast"><code><span class="memberNameLink"><a href="../hi/hiMongo.Client.html#close--">close</a></span>()</code>
<div class="block">切断する:通常は呼ばない.</div>
</td>
</tr>
<tr id="i1" class="rowColor">
<td class="colFirst"><code><a target="_blank" rel="noopener noreferrer" href="https://docs.oracle.com/javase/jp/8/docs/api/java/util/ArrayList.html?is-external=true" title="java.util内のクラスまたはインタフェース">ArrayList</a>&lt;<a target="_blank" rel="noopener noreferrer" href="https://docs.oracle.com/javase/jp/8/docs/api/java/lang/String.html?is-external=true" title="java.lang内のクラスまたはインタフェース">String</a>&gt;</code></td>
<td class="colLast"><code><span class="memberNameLink"><a href="../hi/hiMongo.Client.html#show_dbs-boolean-">show_dbs</a></span>(boolean&nbsp;sort_)</code>
<div class="block">データベース名一覧を得る.</div>
</td>
</tr>
<tr id="i2" class="altColor">
<td class="colFirst"><code><a href="../hi/hiMongo.DB.html" title="hi内のクラス">hiMongo.DB</a></code></td>
<td class="colLast"><code><span class="memberNameLink"><a href="../hi/hiMongo.Client.html#use-java.lang.String-">use</a></span>(<a target="_blank" rel="noopener noreferrer" href="https://docs.oracle.com/javase/jp/8/docs/api/java/lang/String.html?is-external=true" title="java.lang内のクラスまたはインタフェース">String</a>&nbsp;dbName_)</code>
<div class="block">databaseを得る.</div>
</td>
</tr>
</table>
<ul class="blockList">
<li class="blockList"><a name="methods.inherited.from.class.java.lang.Object">
<!--   -->
</a>
<h3>クラスから継承されたメソッド&nbsp;java.lang.<a target="_blank" rel="noopener noreferrer" href="https://docs.oracle.com/javase/jp/8/docs/api/java/lang/Object.html?is-external=true" title="java.lang内のクラスまたはインタフェース">Object</a></h3>
<code><a target="_blank" rel="noopener noreferrer" href="https://docs.oracle.com/javase/jp/8/docs/api/java/lang/Object.html?is-external=true#equals-java.lang.Object-" title="java.lang内のクラスまたはインタフェース">equals</a>, <a target="_blank" rel="noopener noreferrer" href="https://docs.oracle.com/javase/jp/8/docs/api/java/lang/Object.html?is-external=true#getClass--" title="java.lang内のクラスまたはインタフェース">getClass</a>, <a target="_blank" rel="noopener noreferrer" href="https://docs.oracle.com/javase/jp/8/docs/api/java/lang/Object.html?is-external=true#hashCode--" title="java.lang内のクラスまたはインタフェース">hashCode</a>, <a target="_blank" rel="noopener noreferrer" href="https://docs.oracle.com/javase/jp/8/docs/api/java/lang/Object.html?is-external=true#notify--" title="java.lang内のクラスまたはインタフェース">notify</a>, <a target="_blank" rel="noopener noreferrer" href="https://docs.oracle.com/javase/jp/8/docs/api/java/lang/Object.html?is-external=true#notifyAll--" title="java.lang内のクラスまたはインタフェース">notifyAll</a>, <a target="_blank" rel="noopener noreferrer" href="https://docs.oracle.com/javase/jp/8/docs/api/java/lang/Object.html?is-external=true#toString--" title="java.lang内のクラスまたはインタフェース">toString</a>, <a target="_blank" rel="noopener noreferrer" href="https://docs.oracle.com/javase/jp/8/docs/api/java/lang/Object.html?is-external=true#wait--" title="java.lang内のクラスまたはインタフェース">wait</a>, <a target="_blank" rel="noopener noreferrer" href="https://docs.oracle.com/javase/jp/8/docs/api/java/lang/Object.html?is-external=true#wait-long-" title="java.lang内のクラスまたはインタフェース">wait</a>, <a target="_blank" rel="noopener noreferrer" href="https://docs.oracle.com/javase/jp/8/docs/api/java/lang/Object.html?is-external=true#wait-long-int-" title="java.lang内のクラスまたはインタフェース">wait</a></code></li>
</ul>
</li>
</ul>
</li>
</ul>
</div>
<div class="details">
<ul class="blockList">
<li class="blockList">
<!-- ============ FIELD DETAIL =========== -->
<ul class="blockList">
<li class="blockList"><a name="field.detail">
<!--   -->
</a>
<h3>フィールドの詳細</h3>
<a name="mongoClient">
<!--   -->
</a>
<ul class="blockListLast">
<li class="blockList">
<h4>mongoClient</h4>
<pre>public&nbsp;<a target="_blank" rel="noopener noreferrer" href="http://mongodb.github.io/mongo-java-driver/3.7/javadoc/com/mongodb/MongoClient.html?is-external=true" title="com.mongodb内のクラスまたはインタフェース">MongoClient</a> mongoClient</pre>
</li>
</ul>
</li>
</ul>
<!-- ============ METHOD DETAIL ========== -->
<ul class="blockList">
<li class="blockList"><a name="method.detail">
<!--   -->
</a>
<h3>メソッドの詳細</h3>
<a name="close--">
<!--   -->
</a>
<ul class="blockList">
<li class="blockList">
<h4>close</h4>
<pre>public&nbsp;void&nbsp;close()</pre>
<div class="block">切断する:通常は呼ばない.
<p>
特別な理由により、プロセスは生きたままDBの資源だけを完全開放したい場合にのみ使用します。<br>
例えば起動時に初期化用としてDBを読み込むだけといった場合です。<br>
通常は呼ぶ必要はありません。
</p></div>
<dl>
<dt><span class="overrideSpecifyLabel">定義:</span></dt>
<dd><code><a target="_blank" rel="noopener noreferrer" href="https://docs.oracle.com/javase/jp/8/docs/api/java/io/Closeable.html?is-external=true#close--" title="java.io内のクラスまたはインタフェース">close</a></code>&nbsp;インタフェース内&nbsp;<code><a target="_blank" rel="noopener noreferrer" href="https://docs.oracle.com/javase/jp/8/docs/api/java/io/Closeable.html?is-external=true" title="java.io内のクラスまたはインタフェース">Closeable</a></code></dd>
<dt><span class="overrideSpecifyLabel">定義:</span></dt>
<dd><code><a target="_blank" rel="noopener noreferrer" href="https://docs.oracle.com/javase/jp/8/docs/api/java/lang/AutoCloseable.html?is-external=true#close--" title="java.lang内のクラスまたはインタフェース">close</a></code>&nbsp;インタフェース内&nbsp;<code><a target="_blank" rel="noopener noreferrer" href="https://docs.oracle.com/javase/jp/8/docs/api/java/lang/AutoCloseable.html?is-external=true" title="java.lang内のクラスまたはインタフェース">AutoCloseable</a></code></dd>
</dl>
</li>
</ul>
<a name="show_dbs-boolean-">
<!--   -->
</a>
<ul class="blockList">
<li class="blockList">
<h4>show_dbs</h4>
<pre>public&nbsp;<a target="_blank" rel="noopener noreferrer" href="https://docs.oracle.com/javase/jp/8/docs/api/java/util/ArrayList.html?is-external=true" title="java.util内のクラスまたはインタフェース">ArrayList</a>&lt;<a target="_blank" rel="noopener noreferrer" href="https://docs.oracle.com/javase/jp/8/docs/api/java/lang/String.html?is-external=true" title="java.lang内のクラスまたはインタフェース">String</a>&gt;&nbsp;show_dbs(boolean&nbsp;sort_)</pre>
<div class="block">データベース名一覧を得る.</div>
<dl>
<dt><span class="paramLabel">パラメータ:</span></dt>
<dd><code>sort_</code> - ソートを行うか</dd>
<dt><span class="returnLabel">戻り値:</span></dt>
<dd>データベース名一覧</dd>
</dl>
</li>
</ul>
<a name="use-java.lang.String-">
<!--   -->
</a>
<ul class="blockListLast">
<li class="blockList">
<h4>use</h4>
<pre>public&nbsp;<a href="../hi/hiMongo.DB.html" title="hi内のクラス">hiMongo.DB</a>&nbsp;use(<a target="_blank" rel="noopener noreferrer" href="https://docs.oracle.com/javase/jp/8/docs/api/java/lang/String.html?is-external=true" title="java.lang内のクラスまたはインタフェース">String</a>&nbsp;dbName_)</pre>
<div class="block">databaseを得る.</div>
</li>
</ul>
</li>
</ul>
</li>
</ul>
</div>
</div>
<!-- ========= END OF CLASS DATA ========= -->
<!-- ======= START OF BOTTOM NAVBAR ====== -->
<div class="bottomNav"><a name="navbar.bottom">
<!--   -->
</a>
<div class="skipNav"><a href="#skip.navbar.bottom" title="ナビゲーション・リンクをスキップ">ナビゲーション・リンクをスキップ</a></div>
<a name="navbar.bottom.firstrow">
<!--   -->
</a>
<ul class="navList" title="ナビゲーション">
<li><a href="../hi/package-summary.html">パッケージ</a></li>
<li class="navBarCell1Rev">クラス</li>
<li><a href="package-tree.html">階層ツリー</a></li>
<li><a href="../deprecated-list.html">非推奨</a></li>
<li><a href="../index-all.html">索引</a></li>
<li><a href="../help-doc.html">ヘルプ</a></li>
</ul>
</div>
<div class="subNav">
<ul class="navList">
<li><a href="../hi/hiMongo.Aggregrator.html" title="hi内のクラス"><span class="typeNameLink">前のクラス</span></a></li>
<li><a href="../hi/hiMongo.Collection.html" title="hi内のクラス"><span class="typeNameLink">次のクラス</span></a></li>
</ul>
<ul class="navList">
<li><a href="../index.html?hi/hiMongo.Client.html" target="_top">フレーム</a></li>
<li><a href="hiMongo.Client.html" target="_top">フレームなし</a></li>
</ul>
<ul class="navList" id="allclasses_navbar_bottom">
<li><a href="../allclasses-noframe.html">すべてのクラス</a></li>
</ul>
<div>
<script type="text/javascript"><!--
  allClassesLink = document.getElementById("allclasses_navbar_bottom");
  if(window==top) {
    allClassesLink.style.display = "block";
  }
  else {
    allClassesLink.style.display = "none";
  }
  //-->
</script>
</div>
<div>
<ul class="subNavList">
<li>サマリー:&nbsp;</li>
<li>ネスト&nbsp;|&nbsp;</li>
<li><a href="#field.summary">フィールド</a>&nbsp;|&nbsp;</li>
<li>コンストラクタ&nbsp;|&nbsp;</li>
<li><a href="#method.summary">メソッド</a></li>
</ul>
<ul class="subNavList">
<li>詳細:&nbsp;</li>
<li><a href="#field.detail">フィールド</a>&nbsp;|&nbsp;</li>
<li>コンストラクタ&nbsp;|&nbsp;</li>
<li><a href="#method.detail">メソッド</a></li>
</ul>
</div>
<a name="skip.navbar.bottom">
<!--   -->
</a></div>
<!-- ======== END OF BOTTOM NAVBAR ======= -->
</body>
</html>